<?xml version="1.0" encoding="UTF-8"?>
<testng-results ignored="0" total="3" passed="3" failed="0" skipped="0">
  <reporter-output>
  </reporter-output>
  <suite started-at="2022-01-14T22:06:43 IST" name="Demo suite" finished-at="2022-01-14T22:07:13 IST" duration-ms="29891">
    <groups>
    </groups>
    <test started-at="2022-01-14T22:06:43 IST" name="demo test" finished-at="2022-01-14T22:07:13 IST" duration-ms="29891">
      <class name="Demo1">
        <test-method signature="openBrowser()[pri:0, instance:Demo1@4e91d63f]" started-at="2022-01-14T22:06:43 IST" name="openBrowser" finished-at="2022-01-14T22:07:05 IST" duration-ms="21565" status="PASS">
          <reporter-output>
          </reporter-output>
        </test-method> <!-- openBrowser -->
        <test-method signature="openFacebook()[pri:1, instance:Demo1@4e91d63f]" started-at="2022-01-14T22:07:05 IST" name="openFacebook" finished-at="2022-01-14T22:07:12 IST" depends-on-methods="Demo1.openBrowser" duration-ms="6763" status="PASS">
          <reporter-output>
          </reporter-output>
        </test-method> <!-- openFacebook -->
        <test-method signature="facebookLogin()[pri:2, instance:Demo1@4e91d63f]" started-at="2022-01-14T22:07:12 IST" name="facebookLogin" finished-at="2022-01-14T22:07:13 IST" depends-on-methods="Demo1.openFacebook" duration-ms="1344" status="PASS">
          <reporter-output>
          </reporter-output>
        </test-method> <!-- facebookLogin -->
      </class> <!-- Demo1 -->
    </test> <!-- demo test -->
  </suite> <!-- Demo suite -->
</testng-results>
