<?xml version="1.0" encoding="UTF-8"?>
<testng-results ignored="0" total="3" passed="3" failed="0" skipped="0">
  <reporter-output>
  </reporter-output>
  <suite started-at="2022-01-13T21:20:27 IST" name="Demo suite" finished-at="2022-01-13T21:21:01 IST" duration-ms="33582">
    <groups>
    </groups>
    <test started-at="2022-01-13T21:20:27 IST" name="demo test" finished-at="2022-01-13T21:21:01 IST" duration-ms="33582">
      <class name="Demo1">
        <test-method signature="openBrowser()[pri:0, instance:Demo1@a3d8174]" started-at="2022-01-13T21:20:27 IST" name="openBrowser" finished-at="2022-01-13T21:20:51 IST" duration-ms="23877" status="PASS">
          <reporter-output>
          </reporter-output>
        </test-method> <!-- openBrowser -->
        <test-method signature="openFacebook()[pri:1, instance:Demo1@a3d8174]" started-at="2022-01-13T21:20:51 IST" name="openFacebook" finished-at="2022-01-13T21:20:59 IST" depends-on-methods="Demo1.openBrowser" duration-ms="7865" status="PASS">
          <reporter-output>
          </reporter-output>
        </test-method> <!-- openFacebook -->
        <test-method signature="facebookLogin()[pri:2, instance:Demo1@a3d8174]" started-at="2022-01-13T21:20:59 IST" name="facebookLogin" finished-at="2022-01-13T21:21:01 IST" depends-on-methods="Demo1.openFacebook" duration-ms="1634" status="PASS">
          <reporter-output>
          </reporter-output>
        </test-method> <!-- facebookLogin -->
      </class> <!-- Demo1 -->
    </test> <!-- demo test -->
  </suite> <!-- Demo suite -->
</testng-results>
